c:\users\tiafa\desktop\gameengine\gameengine\x64\debug\vc143.pdb
c:\users\tiafa\desktop\gameengine\gameengine\x64\debug\vc143.idb
c:\users\user\documents\github\gameengine\gameengine\x64\debug\vc143.pdb
c:\users\user\documents\github\gameengine\gameengine\x64\debug\vc143.idb
c:\users\brian\desktop\gameengineproject\gameengine\x64\debug\vc143.pdb
c:\users\brian\desktop\gameengineproject\gameengine\x64\debug\vc143.idb
c:\users\brian\desktop\gameengineproject\gameengine\x64\debug\transform.obj
c:\users\brian\desktop\gameengineproject\gameengine\x64\debug\cameracontroller.obj
c:\users\brian\desktop\gameengineproject\gameengine\x64\debug\renderer.obj
c:\users\brian\desktop\gameengineproject\gameengine\x64\debug\mesh.obj
c:\users\brian\desktop\gameengineproject\gameengine\x64\debug\engine.obj
c:\users\brian\desktop\gameengineproject\gameengine\x64\debug\main.obj
c:\users\brian\desktop\gameengineproject\gameengine\x64\debug\input.obj
c:\users\brian\desktop\gameengineproject\gameengine\x64\debug\gametime.obj
c:\users\brian\desktop\gameengineproject\gameengine\x64\debug\camera.obj
c:\users\brian\desktop\gameengineproject\gameengine\x64\debug\imgui_widgets.obj
c:\users\brian\desktop\gameengineproject\gameengine\x64\debug\imgui_tables.obj
c:\users\brian\desktop\gameengineproject\gameengine\x64\debug\imgui_draw.obj
c:\users\brian\desktop\gameengineproject\gameengine\x64\debug\imgui.obj
c:\users\brian\desktop\gameengineproject\gameengine\x64\debug\imgui_impl_opengl3.obj
c:\users\brian\desktop\gameengineproject\gameengine\x64\debug\imgui_impl_glfw.obj
c:\users\user\documents\github\gameengine\x64\debug\glew32d.dll
c:\users\user\documents\github\gameengine\x64\debug\glfw3.dll
c:\users\brian\desktop\gameengineproject\x64\debug\glew32d.dll
c:\users\brian\desktop\gameengineproject\x64\debug\glfw3.dll
c:\users\brian\desktop\gameengineproject\x64\debug\gameengine.exe
c:\users\brian\desktop\gameengineproject\x64\debug\gameengine.pdb
c:\users\brian\desktop\gameengineproject\gameengine\x64\debug\gameengine.ilk
c:\users\brian\desktop\gameengineproject\gameengine\x64\debug\gameengine.tlog\cl.command.1.tlog
c:\users\brian\desktop\gameengineproject\gameengine\x64\debug\gameengine.tlog\cl.items.tlog
c:\users\brian\desktop\gameengineproject\gameengine\x64\debug\gameengine.tlog\cl.read.1.tlog
c:\users\brian\desktop\gameengineproject\gameengine\x64\debug\gameengine.tlog\cl.write.1.tlog
c:\users\brian\desktop\gameengineproject\gameengine\x64\debug\gameengine.tlog\gameengine.write.1u.tlog
c:\users\brian\desktop\gameengineproject\gameengine\x64\debug\gameengine.tlog\link.command.1.tlog
c:\users\brian\desktop\gameengineproject\gameengine\x64\debug\gameengine.tlog\link.read.1.tlog
c:\users\brian\desktop\gameengineproject\gameengine\x64\debug\gameengine.tlog\link.secondary.1.tlog
c:\users\brian\desktop\gameengineproject\gameengine\x64\debug\gameengine.tlog\link.write.1.tlog
